error: Label: Feb-17-2023 05:28:07: Error retrieving document from database:  Document is not found
error: Label: Feb-17-2023 05:28:24: Error retrieving document from database:  Document is not found
error: Label: Feb-17-2023 05:31:24: Document is not found
error: Label: Feb-17-2023 05:33:57: Document is not found
error: Label: Feb-17-2023 05:34:22: Document is not found
error: Label: Feb-17-2023 05:35:08: Document is not found
error: Label: Feb-17-2023 05:35:42: Document is not found
error: Label: Feb-17-2023 05:35:50: Document is not found
error: Label: Feb-17-2023 05:36:55: Document is not found
error: Label: Feb-17-2023 05:49:57: doc is not defined
error: Label: Feb-19-2023 21:23:58: The Mango query parameter is not parsable.
error: Label: Feb-19-2023 21:24:32: Cannot read properties of undefined (reading 'length')
error: Label: Feb-19-2023 21:26:00: The Mango query parameter is not parsable.
error: Label: Feb-19-2023 21:26:19: Cannot read properties of undefined (reading 'length')
error: Label: Feb-19-2023 21:28:16: Cannot read properties of undefined (reading 'length')
error: Label: Feb-19-2023 21:28:25: The Mango query parameter is not parsable.
error: Label: Feb-19-2023 21:28:39: Cannot read properties of undefined (reading 'length')
error: Label: Feb-19-2023 21:30:51: The Mango query parameter is not parsable.
error: Label: Feb-19-2023 21:31:15: ENOENT: no such file or directory, mkdir '/Users/shiva/Desktop/Final Project/fele-simulator/chaincode/artemis/uhcl-international'
error: Label: Feb-19-2023 21:31:46: The Mango query parameter is not parsable.
error: Label: Feb-19-2023 21:32:54: The Mango query parameter is not parsable.
error: Label: Feb-19-2023 21:33:58: The Mango query parameter is not parsable.
error: Label: Feb-19-2023 21:36:50: The Mango query parameter is not parsable.
error: Label: Feb-19-2023 21:37:21: The Mango query parameter is not parsable.
error: Label: Feb-19-2023 21:39:09: The Mango query parameter is not parsable.
error: Label: Feb-19-2023 21:44:13: The Mango query parameter is not parsable.
error: Label: Feb-19-2023 21:44:56: The Mango query parameter is not parsable.
error: Label: Feb-19-2023 21:45:54: The Mango query parameter is not parsable.
error: Label: Feb-19-2023 21:58:16: The Mango query parameter is not parsable.
